{"D:\\Coodingan\\bank\\src\\database\\db.js": {"path":"D:\\Coodingan\\bank\\src\\database\\db.js","statementMap":{"0":{"start":{"line":1,"column":11},"end":{"line":8,"column":1}},"1":{"start":{"line":10,"column":0},"end":{"line":10,"column":20}}},"fnMap":{},"branchMap":{},"s":{"0":3,"1":3},"f":{},"b":{},"_coverageSchema":"1a1c01bbd47fc00a2c39e90264f33305004495a9","hash":"f013bcec1e8cefe1c6296a988280e0f57d074b93"}
,"D:\\Coodingan\\bank\\src\\repositories\\account.repository.js": {"path":"D:\\Coodingan\\bank\\src\\repositories\\account.repository.js","statementMap":{"0":{"start":{"line":1,"column":11},"end":{"line":1,"column":36}},"1":{"start":{"line":4,"column":21},"end":{"line":10,"column":3}},"2":{"start":{"line":12,"column":2},"end":{"line":12,"column":31}},"3":{"start":{"line":13,"column":2},"end":{"line":13,"column":24}},"4":{"start":{"line":15,"column":2},"end":{"line":15,"column":20}},"5":{"start":{"line":19,"column":2},"end":{"line":19,"column":21}},"6":{"start":{"line":23,"column":2},"end":{"line":23,"column":56}},"7":{"start":{"line":23,"column":33},"end":{"line":23,"column":46}},"8":{"start":{"line":27,"column":16},"end":{"line":27,"column":74}},"9":{"start":{"line":27,"column":45},"end":{"line":27,"column":73}},"10":{"start":{"line":29,"column":2},"end":{"line":31,"column":3}},"11":{"start":{"line":30,"column":4},"end":{"line":30,"column":40}},"12":{"start":{"line":33,"column":2},"end":{"line":33,"column":24}},"13":{"start":{"line":37,"column":0},"end":{"line":42,"column":2}}},"fnMap":{"0":{"name":"create","decl":{"start":{"line":3,"column":15},"end":{"line":3,"column":21}},"loc":{"start":{"line":3,"column":35},"end":{"line":16,"column":1}},"line":3},"1":{"name":"findAll","decl":{"start":{"line":18,"column":15},"end":{"line":18,"column":22}},"loc":{"start":{"line":18,"column":25},"end":{"line":20,"column":1}},"line":18},"2":{"name":"findById","decl":{"start":{"line":22,"column":15},"end":{"line":22,"column":23}},"loc":{"start":{"line":22,"column":28},"end":{"line":24,"column":1}},"line":22},"3":{"name":"(anonymous_3)","decl":{"start":{"line":23,"column":26},"end":{"line":23,"column":27}},"loc":{"start":{"line":23,"column":33},"end":{"line":23,"column":46}},"line":23},"4":{"name":"update","decl":{"start":{"line":26,"column":15},"end":{"line":26,"column":21}},"loc":{"start":{"line":26,"column":38},"end":{"line":34,"column":1}},"line":26},"5":{"name":"(anonymous_5)","decl":{"start":{"line":27,"column":38},"end":{"line":27,"column":39}},"loc":{"start":{"line":27,"column":45},"end":{"line":27,"column":73}},"line":27}},"branchMap":{"0":{"loc":{"start":{"line":23,"column":9},"end":{"line":23,"column":55}},"type":"binary-expr","locations":[{"start":{"line":23,"column":9},"end":{"line":23,"column":47}},{"start":{"line":23,"column":51},"end":{"line":23,"column":55}}],"line":23},"1":{"loc":{"start":{"line":29,"column":2},"end":{"line":31,"column":3}},"type":"if","locations":[{"start":{"line":29,"column":2},"end":{"line":31,"column":3}},{"start":{},"end":{}}],"line":29}},"s":{"0":1,"1":0,"2":0,"3":0,"4":0,"5":0,"6":0,"7":0,"8":0,"9":0,"10":0,"11":0,"12":0,"13":1},"f":{"0":0,"1":0,"2":0,"3":0,"4":0,"5":0},"b":{"0":[0,0],"1":[0,0]},"_coverageSchema":"1a1c01bbd47fc00a2c39e90264f33305004495a9","hash":"403b76d55191a8fd63d301c4d264f257070ddf29"}
,"D:\\Coodingan\\bank\\src\\repositories\\audit.repository.js": {"path":"D:\\Coodingan\\bank\\src\\repositories\\audit.repository.js","statementMap":{"0":{"start":{"line":1,"column":11},"end":{"line":1,"column":36}},"1":{"start":{"line":4,"column":17},"end":{"line":12,"column":3}},"2":{"start":{"line":14,"column":2},"end":{"line":14,"column":28}},"3":{"start":{"line":15,"column":2},"end":{"line":15,"column":25}},"4":{"start":{"line":17,"column":2},"end":{"line":17,"column":16}},"5":{"start":{"line":21,"column":2},"end":{"line":21,"column":22}},"6":{"start":{"line":24,"column":0},"end":{"line":27,"column":2}}},"fnMap":{"0":{"name":"create","decl":{"start":{"line":3,"column":9},"end":{"line":3,"column":15}},"loc":{"start":{"line":3,"column":27},"end":{"line":18,"column":1}},"line":3},"1":{"name":"findAll","decl":{"start":{"line":20,"column":9},"end":{"line":20,"column":16}},"loc":{"start":{"line":20,"column":19},"end":{"line":22,"column":1}},"line":20}},"branchMap":{},"s":{"0":1,"1":0,"2":0,"3":0,"4":0,"5":0,"6":1},"f":{"0":0,"1":0},"b":{},"_coverageSchema":"1a1c01bbd47fc00a2c39e90264f33305004495a9","hash":"567cfc65c93450b808c6aba8faa3fad0aae3d95e"}
,"D:\\Coodingan\\bank\\src\\repositories\\transaction.repository.js": {"path":"D:\\Coodingan\\bank\\src\\repositories\\transaction.repository.js","statementMap":{"0":{"start":{"line":1,"column":11},"end":{"line":1,"column":36}},"1":{"start":{"line":4,"column":25},"end":{"line":11,"column":3}},"2":{"start":{"line":13,"column":2},"end":{"line":13,"column":39}},"3":{"start":{"line":14,"column":2},"end":{"line":14,"column":28}},"4":{"start":{"line":16,"column":2},"end":{"line":16,"column":24}},"5":{"start":{"line":20,"column":4},"end":{"line":22,"column":6}},"6":{"start":{"line":21,"column":14},"end":{"line":21,"column":40}},"7":{"start":{"line":26,"column":0},"end":{"line":29,"column":2}}},"fnMap":{"0":{"name":"create","decl":{"start":{"line":3,"column":15},"end":{"line":3,"column":21}},"loc":{"start":{"line":3,"column":39},"end":{"line":17,"column":1}},"line":3},"1":{"name":"findByAccountId","decl":{"start":{"line":19,"column":15},"end":{"line":19,"column":30}},"loc":{"start":{"line":19,"column":41},"end":{"line":23,"column":1}},"line":19},"2":{"name":"(anonymous_2)","decl":{"start":{"line":21,"column":8},"end":{"line":21,"column":9}},"loc":{"start":{"line":21,"column":14},"end":{"line":21,"column":40}},"line":21}},"branchMap":{"0":{"loc":{"start":{"line":9,"column":17},"end":{"line":9,"column":52}},"type":"binary-expr","locations":[{"start":{"line":9,"column":17},"end":{"line":9,"column":44}},{"start":{"line":9,"column":48},"end":{"line":9,"column":52}}],"line":9}},"s":{"0":1,"1":0,"2":0,"3":0,"4":0,"5":0,"6":0,"7":1},"f":{"0":0,"1":0,"2":0},"b":{"0":[0,0]},"_coverageSchema":"1a1c01bbd47fc00a2c39e90264f33305004495a9","hash":"b2c86c9dcc43a94c2897f8b84d1619e808c97963"}
,"D:\\Coodingan\\bank\\src\\services\\transaction.service.js": {"path":"D:\\Coodingan\\bank\\src\\services\\transaction.service.js","statementMap":{"0":{"start":{"line":1,"column":26},"end":{"line":1,"column":71}},"1":{"start":{"line":2,"column":30},"end":{"line":2,"column":79}},"2":{"start":{"line":3,"column":27},"end":{"line":3,"column":75}},"3":{"start":{"line":4,"column":29},"end":{"line":4,"column":77}},"4":{"start":{"line":5,"column":24},"end":{"line":5,"column":67}},"5":{"start":{"line":8,"column":17},"end":{"line":8,"column":45}},"6":{"start":{"line":11,"column":2},"end":{"line":11,"column":25}},"7":{"start":{"line":13,"column":18},"end":{"line":13,"column":61}},"8":{"start":{"line":15,"column":2},"end":{"line":17,"column":3}},"9":{"start":{"line":16,"column":4},"end":{"line":16,"column":49}},"10":{"start":{"line":19,"column":2},"end":{"line":21,"column":3}},"11":{"start":{"line":20,"column":4},"end":{"line":20,"column":49}},"12":{"start":{"line":23,"column":2},"end":{"line":23,"column":28}},"13":{"start":{"line":25,"column":2},"end":{"line":25,"column":42}},"14":{"start":{"line":27,"column":2},"end":{"line":32,"column":5}},"15":{"start":{"line":34,"column":2},"end":{"line":41,"column":5}},"16":{"start":{"line":43,"column":2},"end":{"line":43,"column":17}},"17":{"start":{"line":47,"column":2},"end":{"line":47,"column":25}},"18":{"start":{"line":49,"column":18},"end":{"line":49,"column":61}},"19":{"start":{"line":51,"column":4},"end":{"line":53,"column":3}},"20":{"start":{"line":52,"column":4},"end":{"line":52,"column":49}},"21":{"start":{"line":55,"column":4},"end":{"line":57,"column":3}},"22":{"start":{"line":56,"column":4},"end":{"line":56,"column":49}},"23":{"start":{"line":59,"column":2},"end":{"line":61,"column":3}},"24":{"start":{"line":60,"column":4},"end":{"line":60,"column":54}},"25":{"start":{"line":63,"column":2},"end":{"line":63,"column":28}},"26":{"start":{"line":65,"column":2},"end":{"line":65,"column":36}},"27":{"start":{"line":67,"column":2},"end":{"line":72,"column":6}},"28":{"start":{"line":74,"column":3},"end":{"line":79,"column":5}},"29":{"start":{"line":81,"column":3},"end":{"line":81,"column":18}},"30":{"start":{"line":86,"column":2},"end":{"line":86,"column":54}},"31":{"start":{"line":88,"column":17},"end":{"line":88,"column":57}},"32":{"start":{"line":89,"column":19},"end":{"line":89,"column":57}},"33":{"start":{"line":91,"column":2},"end":{"line":93,"column":3}},"34":{"start":{"line":92,"column":4},"end":{"line":92,"column":54}},"35":{"start":{"line":95,"column":2},"end":{"line":97,"column":3}},"36":{"start":{"line":96,"column":4},"end":{"line":96,"column":60}},"37":{"start":{"line":99,"column":2},"end":{"line":101,"column":3}},"38":{"start":{"line":100,"column":4},"end":{"line":100,"column":62}},"39":{"start":{"line":103,"column":2},"end":{"line":105,"column":3}},"40":{"start":{"line":104,"column":4},"end":{"line":104,"column":56}},"41":{"start":{"line":108,"column":2},"end":{"line":108,"column":27}},"42":{"start":{"line":109,"column":2},"end":{"line":109,"column":29}},"43":{"start":{"line":111,"column":2},"end":{"line":111,"column":35}},"44":{"start":{"line":112,"column":2},"end":{"line":112,"column":37}},"45":{"start":{"line":115,"column":2},"end":{"line":121,"column":5}},"46":{"start":{"line":124,"column":2},"end":{"line":130,"column":5}},"47":{"start":{"line":132,"column":2},"end":{"line":137,"column":5}},"48":{"start":{"line":139,"column":2},"end":{"line":139,"column":44}},"49":{"start":{"line":145,"column":18},"end":{"line":145,"column":61}},"50":{"start":{"line":147,"column":2},"end":{"line":149,"column":3}},"51":{"start":{"line":148,"column":4},"end":{"line":148,"column":60}},"52":{"start":{"line":151,"column":2},"end":{"line":151,"column":58}},"53":{"start":{"line":157,"column":0},"end":{"line":162,"column":2}}},"fnMap":{"0":{"name":"deposit","decl":{"start":{"line":10,"column":15},"end":{"line":10,"column":22}},"loc":{"start":{"line":10,"column":55},"end":{"line":44,"column":1}},"line":10},"1":{"name":"withdraw","decl":{"start":{"line":46,"column":15},"end":{"line":46,"column":23}},"loc":{"start":{"line":46,"column":57},"end":{"line":82,"column":1}},"line":46},"2":{"name":"transfer","decl":{"start":{"line":85,"column":15},"end":{"line":85,"column":23}},"loc":{"start":{"line":85,"column":59},"end":{"line":140,"column":1}},"line":85},"3":{"name":"getTransactionsByAccount","decl":{"start":{"line":144,"column":15},"end":{"line":144,"column":39}},"loc":{"start":{"line":144,"column":51},"end":{"line":152,"column":1}},"line":144}},"branchMap":{"0":{"loc":{"start":{"line":15,"column":2},"end":{"line":17,"column":3}},"type":"if","locations":[{"start":{"line":15,"column":2},"end":{"line":17,"column":3}},{"start":{},"end":{}}],"line":15},"1":{"loc":{"start":{"line":19,"column":2},"end":{"line":21,"column":3}},"type":"if","locations":[{"start":{"line":19,"column":2},"end":{"line":21,"column":3}},{"start":{},"end":{}}],"line":19},"2":{"loc":{"start":{"line":51,"column":4},"end":{"line":53,"column":3}},"type":"if","locations":[{"start":{"line":51,"column":4},"end":{"line":53,"column":3}},{"start":{},"end":{}}],"line":51},"3":{"loc":{"start":{"line":55,"column":4},"end":{"line":57,"column":3}},"type":"if","locations":[{"start":{"line":55,"column":4},"end":{"line":57,"column":3}},{"start":{},"end":{}}],"line":55},"4":{"loc":{"start":{"line":59,"column":2},"end":{"line":61,"column":3}},"type":"if","locations":[{"start":{"line":59,"column":2},"end":{"line":61,"column":3}},{"start":{},"end":{}}],"line":59},"5":{"loc":{"start":{"line":91,"column":2},"end":{"line":93,"column":3}},"type":"if","locations":[{"start":{"line":91,"column":2},"end":{"line":93,"column":3}},{"start":{},"end":{}}],"line":91},"6":{"loc":{"start":{"line":91,"column":6},"end":{"line":91,"column":26}},"type":"binary-expr","locations":[{"start":{"line":91,"column":6},"end":{"line":91,"column":13}},{"start":{"line":91,"column":17},"end":{"line":91,"column":26}}],"line":91},"7":{"loc":{"start":{"line":95,"column":2},"end":{"line":97,"column":3}},"type":"if","locations":[{"start":{"line":95,"column":2},"end":{"line":97,"column":3}},{"start":{},"end":{}}],"line":95},"8":{"loc":{"start":{"line":99,"column":2},"end":{"line":101,"column":3}},"type":"if","locations":[{"start":{"line":99,"column":2},"end":{"line":101,"column":3}},{"start":{},"end":{}}],"line":99},"9":{"loc":{"start":{"line":103,"column":2},"end":{"line":105,"column":3}},"type":"if","locations":[{"start":{"line":103,"column":2},"end":{"line":105,"column":3}},{"start":{},"end":{}}],"line":103},"10":{"loc":{"start":{"line":147,"column":2},"end":{"line":149,"column":3}},"type":"if","locations":[{"start":{"line":147,"column":2},"end":{"line":149,"column":3}},{"start":{},"end":{}}],"line":147}},"s":{"0":1,"1":1,"2":1,"3":1,"4":1,"5":1,"6":0,"7":0,"8":0,"9":0,"10":0,"11":0,"12":0,"13":0,"14":0,"15":0,"16":0,"17":3,"18":3,"19":3,"20":0,"21":3,"22":1,"23":2,"24":1,"25":1,"26":1,"27":1,"28":1,"29":1,"30":4,"31":4,"32":4,"33":4,"34":1,"35":3,"36":1,"37":2,"38":0,"39":2,"40":1,"41":1,"42":1,"43":1,"44":1,"45":1,"46":1,"47":1,"48":1,"49":0,"50":0,"51":0,"52":0,"53":1},"f":{"0":0,"1":3,"2":4,"3":0},"b":{"0":[0,0],"1":[0,0],"2":[0,3],"3":[1,2],"4":[1,1],"5":[1,3],"6":[4,3],"7":[1,2],"8":[0,2],"9":[1,1],"10":[0,0]},"_coverageSchema":"1a1c01bbd47fc00a2c39e90264f33305004495a9","hash":"06790d9312e119b6f406fc275603912375381e28"}
,"D:\\Coodingan\\bank\\src\\utils\\AppError.js": {"path":"D:\\Coodingan\\bank\\src\\utils\\AppError.js","statementMap":{"0":{"start":{"line":3,"column":4},"end":{"line":3,"column":19}},"1":{"start":{"line":5,"column":4},"end":{"line":5,"column":33}},"2":{"start":{"line":6,"column":4},"end":{"line":6,"column":55}},"3":{"start":{"line":7,"column":4},"end":{"line":7,"column":30}},"4":{"start":{"line":9,"column":4},"end":{"line":9,"column":52}},"5":{"start":{"line":13,"column":0},"end":{"line":13,"column":26}}},"fnMap":{"0":{"name":"(anonymous_0)","decl":{"start":{"line":2,"column":2},"end":{"line":2,"column":3}},"loc":{"start":{"line":2,"column":35},"end":{"line":10,"column":3}},"line":2}},"branchMap":{"0":{"loc":{"start":{"line":6,"column":18},"end":{"line":6,"column":54}},"type":"cond-expr","locations":[{"start":{"line":6,"column":38},"end":{"line":6,"column":45}},{"start":{"line":6,"column":48},"end":{"line":6,"column":54}}],"line":6}},"s":{"0":5,"1":5,"2":5,"3":5,"4":5,"5":1},"f":{"0":5},"b":{"0":[0,5]},"_coverageSchema":"1a1c01bbd47fc00a2c39e90264f33305004495a9","hash":"d1c3a2684d1dc67e9f3bae3e0775ba8e4cf00f93"}
,"D:\\Coodingan\\bank\\src\\validations\\transaction.validation.js": {"path":"D:\\Coodingan\\bank\\src\\validations\\transaction.validation.js","statementMap":{"0":{"start":{"line":2,"column":2},"end":{"line":4,"column":3}},"1":{"start":{"line":3,"column":4},"end":{"line":3,"column":61}},"2":{"start":{"line":6,"column":2},"end":{"line":8,"column":3}},"3":{"start":{"line":7,"column":4},"end":{"line":7,"column":66}},"4":{"start":{"line":10,"column":2},"end":{"line":12,"column":3}},"5":{"start":{"line":11,"column":4},"end":{"line":11,"column":72}},"6":{"start":{"line":16,"column":4},"end":{"line":18,"column":5}},"7":{"start":{"line":17,"column":8},"end":{"line":17,"column":75}},"8":{"start":{"line":20,"column":4},"end":{"line":22,"column":5}},"9":{"start":{"line":21,"column":8},"end":{"line":21,"column":82}},"10":{"start":{"line":26,"column":0},"end":{"line":29,"column":2}}},"fnMap":{"0":{"name":"validateAmount","decl":{"start":{"line":1,"column":15},"end":{"line":1,"column":29}},"loc":{"start":{"line":1,"column":38},"end":{"line":13,"column":1}},"line":1},"1":{"name":"validateTransfer","decl":{"start":{"line":15,"column":15},"end":{"line":15,"column":31}},"loc":{"start":{"line":15,"column":68},"end":{"line":23,"column":1}},"line":15}},"branchMap":{"0":{"loc":{"start":{"line":2,"column":2},"end":{"line":4,"column":3}},"type":"if","locations":[{"start":{"line":2,"column":2},"end":{"line":4,"column":3}},{"start":{},"end":{}}],"line":2},"1":{"loc":{"start":{"line":6,"column":2},"end":{"line":8,"column":3}},"type":"if","locations":[{"start":{"line":6,"column":2},"end":{"line":8,"column":3}},{"start":{},"end":{}}],"line":6},"2":{"loc":{"start":{"line":6,"column":6},"end":{"line":6,"column":49}},"type":"binary-expr","locations":[{"start":{"line":6,"column":6},"end":{"line":6,"column":32}},{"start":{"line":6,"column":36},"end":{"line":6,"column":49}}],"line":6},"3":{"loc":{"start":{"line":10,"column":2},"end":{"line":12,"column":3}},"type":"if","locations":[{"start":{"line":10,"column":2},"end":{"line":12,"column":3}},{"start":{},"end":{}}],"line":10},"4":{"loc":{"start":{"line":16,"column":4},"end":{"line":18,"column":5}},"type":"if","locations":[{"start":{"line":16,"column":4},"end":{"line":18,"column":5}},{"start":{},"end":{}}],"line":16},"5":{"loc":{"start":{"line":16,"column":8},"end":{"line":16,"column":39}},"type":"binary-expr","locations":[{"start":{"line":16,"column":8},"end":{"line":16,"column":22}},{"start":{"line":16,"column":26},"end":{"line":16,"column":39}}],"line":16},"6":{"loc":{"start":{"line":20,"column":4},"end":{"line":22,"column":5}},"type":"if","locations":[{"start":{"line":20,"column":4},"end":{"line":22,"column":5}},{"start":{},"end":{}}],"line":20}},"s":{"0":3,"1":0,"2":3,"3":0,"4":3,"5":0,"6":4,"7":0,"8":4,"9":0,"10":1},"f":{"0":3,"1":4},"b":{"0":[0,3],"1":[0,3],"2":[3,3],"3":[0,3],"4":[0,4],"5":[4,4],"6":[0,4]},"_coverageSchema":"1a1c01bbd47fc00a2c39e90264f33305004495a9","hash":"32b0a60b9d9869e5c409b2591f481cbe5d15fda6"}
}
