TN:
SF:src\database\db.js
FNF:0
FNH:0
DA:1,3
DA:10,3
LF:2
LH:2
BRF:0
BRH:0
end_of_record
TN:
SF:src\repositories\account.repository.js
FN:3,create
FN:18,findAll
FN:22,findById
FN:23,(anonymous_3)
FN:26,update
FN:27,(anonymous_5)
FNF:6
FNH:0
FNDA:0,create
FNDA:0,findAll
FNDA:0,findById
FNDA:0,(anonymous_3)
FNDA:0,update
FNDA:0,(anonymous_5)
DA:1,1
DA:4,0
DA:12,0
DA:13,0
DA:15,0
DA:19,0
DA:23,0
DA:27,0
DA:29,0
DA:30,0
DA:33,0
DA:37,1
LF:12
LH:2
BRDA:23,0,0,0
BRDA:23,0,1,0
BRDA:29,1,0,0
BRDA:29,1,1,0
BRF:4
BRH:0
end_of_record
TN:
SF:src\repositories\audit.repository.js
FN:3,create
FN:20,findAll
FNF:2
FNH:0
FNDA:0,create
FNDA:0,findAll
DA:1,1
DA:4,0
DA:14,0
DA:15,0
DA:17,0
DA:21,0
DA:24,1
LF:7
LH:2
BRF:0
BRH:0
end_of_record
TN:
SF:src\repositories\transaction.repository.js
FN:3,create
FN:19,findByAccountId
FN:21,(anonymous_2)
FNF:3
FNH:0
FNDA:0,create
FNDA:0,findByAccountId
FNDA:0,(anonymous_2)
DA:1,1
DA:4,0
DA:13,0
DA:14,0
DA:16,0
DA:20,0
DA:21,0
DA:26,1
LF:8
LH:2
BRDA:9,0,0,0
BRDA:9,0,1,0
BRF:2
BRH:0
end_of_record
TN:
SF:src\services\transaction.service.js
FN:10,deposit
FN:46,withdraw
FN:85,transfer
FN:144,getTransactionsByAccount
FNF:4
FNH:2
FNDA:0,deposit
FNDA:3,withdraw
FNDA:4,transfer
FNDA:0,getTransactionsByAccount
DA:1,1
DA:2,1
DA:3,1
DA:4,1
DA:5,1
DA:8,1
DA:11,0
DA:13,0
DA:15,0
DA:16,0
DA:19,0
DA:20,0
DA:23,0
DA:25,0
DA:27,0
DA:34,0
DA:43,0
DA:47,3
DA:49,3
DA:51,3
DA:52,0
DA:55,3
DA:56,1
DA:59,2
DA:60,1
DA:63,1
DA:65,1
DA:67,1
DA:74,1
DA:81,1
DA:86,4
DA:88,4
DA:89,4
DA:91,4
DA:92,1
DA:95,3
DA:96,1
DA:99,2
DA:100,0
DA:103,2
DA:104,1
DA:108,1
DA:109,1
DA:111,1
DA:112,1
DA:115,1
DA:124,1
DA:132,1
DA:139,1
DA:145,0
DA:147,0
DA:148,0
DA:151,0
DA:157,1
LF:54
LH:37
BRDA:15,0,0,0
BRDA:15,0,1,0
BRDA:19,1,0,0
BRDA:19,1,1,0
BRDA:51,2,0,0
BRDA:51,2,1,3
BRDA:55,3,0,1
BRDA:55,3,1,2
BRDA:59,4,0,1
BRDA:59,4,1,1
BRDA:91,5,0,1
BRDA:91,5,1,3
BRDA:91,6,0,4
BRDA:91,6,1,3
BRDA:95,7,0,1
BRDA:95,7,1,2
BRDA:99,8,0,0
BRDA:99,8,1,2
BRDA:103,9,0,1
BRDA:103,9,1,1
BRDA:147,10,0,0
BRDA:147,10,1,0
BRF:22
BRH:14
end_of_record
TN:
SF:src\utils\AppError.js
FN:2,(anonymous_0)
FNF:1
FNH:1
FNDA:5,(anonymous_0)
DA:3,5
DA:5,5
DA:6,5
DA:7,5
DA:9,5
DA:13,1
LF:6
LH:6
BRDA:6,0,0,0
BRDA:6,0,1,5
BRF:2
BRH:1
end_of_record
TN:
SF:src\validations\transaction.validation.js
FN:1,validateAmount
FN:15,validateTransfer
FNF:2
FNH:2
FNDA:3,validateAmount
FNDA:4,validateTransfer
DA:2,3
DA:3,0
DA:6,3
DA:7,0
DA:10,3
DA:11,0
DA:16,4
DA:17,0
DA:20,4
DA:21,0
DA:26,1
LF:11
LH:6
BRDA:2,0,0,0
BRDA:2,0,1,3
BRDA:6,1,0,0
BRDA:6,1,1,3
BRDA:6,2,0,3
BRDA:6,2,1,3
BRDA:10,3,0,0
BRDA:10,3,1,3
BRDA:16,4,0,0
BRDA:16,4,1,4
BRDA:16,5,0,4
BRDA:16,5,1,4
BRDA:20,6,0,0
BRDA:20,6,1,4
BRF:14
BRH:9
end_of_record
